<?xml version="1.0" encoding="UTF-8"?>
<!-- Generated by org.testng.reporters.JUnitReportReporter -->
<testsuite hostname="LAPTOP-INML28EB" failures="0" tests="1" name="scripts.Test1" time="0.002" errors="0" timestamp="2022-11-19T11:00:21 IST" skipped="0">
  <testcase classname="scripts.Test1" name="tc2" time="0.002"/>
  <system-out>
    <![CDATA[hello selenium]]>
  </system-out>
</testsuite> <!-- scripts.Test1 -->
