<?xml version="1.0" encoding="UTF-8"?>
<!-- Generated by org.testng.reporters.JUnitReportReporter -->
<testsuite hostname="LAPTOP-INML28EB" failures="0" tests="1" name="scripts.Test2" time="0.003" errors="0" timestamp="2022-11-19T11:00:21 IST" skipped="0">
  <testcase classname="scripts.Test2" name="tc3" time="0.003"/>
  <system-out>
    <![CDATA[hello Python]]>
  </system-out>
</testsuite> <!-- scripts.Test2 -->
